get_current_user init
get_current_user returning user: trs@gmail.com
role_checker called. Required: teacher, User: trs@gmail.com Role: teacher
get_current_user init
get_current_user returning user: trs@gmail.com
role_checker called. Required: teacher, User: trs@gmail.com Role: teacher
get_current_user init
get_current_user returning user: trs@gmail.com
role_checker called. Required: teacher, User: trs@gmail.com Role: teacher
get_current_user init
get_current_user init
get_current_user returning user: trs@gmail.com
role_checker called. Required: student, User: trs@gmail.com Role: teacher
get_current_user returning user: trs@gmail.com
get_current_user init
get_current_user returning user: trs@gmail.com
role_checker called. Required: student, User: trs@gmail.com Role: teacher
get_current_user init
get_current_user returning user: trs@gmail.com
role_checker called. Required: student, User: trs@gmail.com Role: teacher
get_current_user init
get_current_user init
get_current_user returning user: std@gmail.com
get_current_user returning user: std@gmail.com
role_checker called. Required: student, User: std@gmail.com Role: student
get_current_user init
get_current_user returning user: std@gmail.com
role_checker called. Required: student, User: std@gmail.com Role: student
get_current_user init
get_current_user returning user: std@gmail.com
role_checker called. Required: student, User: std@gmail.com Role: student
get_current_user init
get_current_user init
get_current_user returning user: std@gmail.com
get_current_user returning user: std@gmail.com
role_checker called. Required: student, User: std@gmail.com Role: student
get_current_user init
get_current_user returning user: std@gmail.com
role_checker called. Required: student, User: std@gmail.com Role: student
get_current_user init
get_current_user init
get_current_user returning user: std@gmail.com
get_current_user returning user: std@gmail.com
role_checker called. Required: student, User: std@gmail.com Role: student
get_current_user init
get_current_user returning user: std@gmail.com
role_checker called. Required: student, User: std@gmail.com Role: student
get_current_user init
get_current_user returning user: std@gmail.com
role_checker called. Required: student, User: std@gmail.com Role: student
get_current_user init
get_current_user returning user: trs@gmail.com
role_checker called. Required: teacher, User: trs@gmail.com Role: teacher
get_current_user init
get_current_user returning user: trs@gmail.com
role_checker called. Required: teacher, User: trs@gmail.com Role: teacher
get_current_user init
get_current_user returning user: trs@gmail.com
role_checker called. Required: teacher, User: trs@gmail.com Role: teacher
get_current_user init
get_current_user returning user: trs@gmail.com
role_checker called. Required: teacher, User: trs@gmail.com Role: teacher
get_current_user init
get_current_user init
get_current_user returning user: std@gmail.com
role_checker called. Required: student, User: std@gmail.com Role: student
get_current_user returning user: std@gmail.com
get_current_user init
get_current_user returning user: std@gmail.com
role_checker called. Required: student, User: std@gmail.com Role: student
get_current_user init
get_current_user returning user: std@gmail.com
role_checker called. Required: student, User: std@gmail.com Role: student
get_current_user init
get_current_user returning user: std@gmail.com
role_checker called. Required: teacher, User: std@gmail.com Role: student
get_current_user init
get_current_user returning user: std@gmail.com
role_checker called. Required: teacher, User: std@gmail.com Role: student
get_current_user init
get_current_user returning user: trs@gmail.com
role_checker called. Required: teacher, User: trs@gmail.com Role: teacher
get_current_user init
get_current_user returning user: trs@gmail.com
role_checker called. Required: teacher, User: trs@gmail.com Role: teacher
get_current_user init
get_current_user returning user: trs@gmail.com
role_checker called. Required: teacher, User: trs@gmail.com Role: teacher
get_current_user init
get_current_user returning user: trs@gmail.com
role_checker called. Required: teacher, User: trs@gmail.com Role: teacher
get_current_user init
get_current_user returning user: trs@gmail.com
role_checker called. Required: teacher, User: trs@gmail.com Role: teacher
get_current_user init
get_current_user returning user: trs@gmail.com
role_checker called. Required: teacher, User: trs@gmail.com Role: teacher
get_current_user init
get_current_user returning user: std@gmail.com
role_checker called. Required: teacher, User: std@gmail.com Role: student
get_current_user init
get_current_user returning user: trs@gmail.com
role_checker called. Required: teacher, User: trs@gmail.com Role: teacher
get_current_user init
get_current_user returning user: std@gmail.com
role_checker called. Required: teacher, User: std@gmail.com Role: student
get_current_user init
get_current_user returning user: trs@gmail.com
role_checker called. Required: teacher, User: trs@gmail.com Role: teacher
get_current_user init
get_current_user returning user: std@gmail.com
role_checker called. Required: teacher, User: std@gmail.com Role: student
get_current_user init
get_current_user returning user: trs@gmail.com
role_checker called. Required: teacher, User: trs@gmail.com Role: teacher
get_current_user init
get_current_user returning user: std@gmail.com
role_checker called. Required: teacher, User: std@gmail.com Role: student
get_current_user init
get_current_user returning user: std@gmail.com
role_checker called. Required: teacher, User: std@gmail.com Role: student
get_current_user init
get_current_user returning user: trs@gmail.com
role_checker called. Required: teacher, User: trs@gmail.com Role: teacher
get_current_user init
get_current_user returning user: trs@gmail.com
role_checker called. Required: teacher, User: trs@gmail.com Role: teacher
get_current_user init
get_current_user returning user: trs@gmail.com
role_checker called. Required: teacher, User: trs@gmail.com Role: teacher
get_current_user init
get_current_user init
get_current_user returning user: std@gmail.com
get_current_user returning user: std@gmail.com
role_checker called. Required: student, User: std@gmail.com Role: student
get_current_user init
get_current_user returning user: std@gmail.com
role_checker called. Required: student, User: std@gmail.com Role: student
get_current_user init
get_current_user returning user: std@gmail.com
role_checker called. Required: student, User: std@gmail.com Role: student
get_current_user init
get_current_user returning user: std@gmail.com
role_checker called. Required: student, User: std@gmail.com Role: student
get_current_user init
get_current_user returning user: std@gmail.com
role_checker called. Required: student, User: std@gmail.com Role: student
get_current_user init
get_current_user returning user: std@gmail.com
role_checker called. Required: student, User: std@gmail.com Role: student
get_current_user init
get_current_user returning user: std@gmail.com
role_checker called. Required: student, User: std@gmail.com Role: student
get_current_user init
get_current_user returning user: std@gmail.com
role_checker called. Required: student, User: std@gmail.com Role: student
get_current_user init
get_current_user init
get_current_user returning user: std@gmail.com
role_checker called. Required: student, User: std@gmail.com Role: student
get_current_user init
get_current_user returning user: trs@gmail.com
role_checker called. Required: teacher, User: trs@gmail.com Role: teacher
get_current_user init
get_current_user returning user: trs@gmail.com
role_checker called. Required: teacher, User: trs@gmail.com Role: teacher
get_current_user init
get_current_user returning user: trs@gmail.com
role_checker called. Required: teacher, User: trs@gmail.com Role: teacher
get_current_user init
get_current_user returning user: trs@gmail.com
role_checker called. Required: teacher, User: trs@gmail.com Role: teacher
